2019-01-15 19:22:27 INFO com.qa.steps.Hooks >>> @Before Hook Step Starts 
2019-01-15 19:22:32 INFO com.qa.driver.DriverManager >>> Chrome Driver initialized 
2019-01-15 19:22:37 INFO com.qa.steps.Hooks >>> @Before Hook Step ends 
2019-01-15 19:22:37 INFO com.qa.steps.HooksSteps >>> Orange HRM login page is displayed 
2019-01-15 19:22:38 INFO com.qa.utility.ReportUtility E:\AUTOMATION\AutomationPageObject/reports/screenshots/-15-Jan-2019-1547560357953.png 
2019-01-15 19:22:38 INFO com.qa.utility.ReportUtility ScreenShot taken on ChromeDriver: chrome on XP (f8b330e49f8bd8b3111467769b2f77f8)for step Orange HRM login page is displayed 
2019-01-15 19:22:40 INFO com.qa.steps.HooksSteps >>> User successfuly logged into Orange HRM application 
2019-01-15 19:22:42 INFO com.qa.utility.ReportUtility E:\AUTOMATION\AutomationPageObject/reports/screenshots/-15-Jan-2019-1547560360889.png 
2019-01-15 19:22:42 INFO com.qa.utility.ReportUtility ScreenShot taken on ChromeDriver: chrome on XP (f8b330e49f8bd8b3111467769b2f77f8)for step Orange HRM home page is displayed 
2019-01-15 19:22:50 INFO com.qa.steps.Hooks >>> @After Hook Step Starts 
2019-01-15 19:22:51 INFO com.qa.steps.Hooks >>> @After Hook Step ends 
2019-01-15 19:27:42 INFO com.qa.steps.Hooks >>> @Before Hook Step Starts 
2019-01-15 19:27:47 INFO com.qa.driver.DriverManager >>> Chrome Driver initialized 
2019-01-15 19:27:53 INFO com.qa.steps.Hooks >>> @Before Hook Step ends 
2019-01-15 19:27:53 INFO com.qa.steps.HooksSteps >>> Orange HRM login page is displayed 
2019-01-15 19:27:54 INFO com.qa.utility.ReportUtility E:\AUTOMATION\AutomationPageObject/reports/screenshots/-15-Jan-2019-1547560673785.png 
2019-01-15 19:27:54 INFO com.qa.utility.ReportUtility ScreenShot taken on ChromeDriver: chrome on XP (f02290f5637157edf85081b7fc4924bf)for step Orange HRM login page is displayed 
2019-01-15 19:27:58 INFO com.qa.steps.HooksSteps >>> User successfuly logged into Orange HRM application 
2019-01-15 19:27:58 INFO com.qa.utility.ReportUtility E:\AUTOMATION\AutomationPageObject/reports/screenshots/-15-Jan-2019-1547560678643.png 
2019-01-15 19:27:58 INFO com.qa.utility.ReportUtility ScreenShot taken on ChromeDriver: chrome on XP (f02290f5637157edf85081b7fc4924bf)for step Orange HRM home page is displayed 
2019-01-15 19:28:06 INFO com.qa.steps.Hooks >>> @After Hook Step Starts 
2019-01-15 19:28:08 INFO com.qa.steps.Hooks >>> @After Hook Step ends 
2019-01-15 19:33:48 INFO com.qa.steps.Hooks >>> @Before Hook Step Starts 
2019-01-15 19:33:53 INFO com.qa.driver.DriverManager >>> Chrome Driver initialized 
2019-01-15 19:33:58 INFO com.qa.steps.Hooks >>> @Before Hook Step ends 
2019-01-15 19:33:59 INFO com.qa.steps.HooksSteps >>> Orange HRM login page is displayed 
2019-01-15 19:33:59 INFO com.qa.utility.ReportUtility E:\AUTOMATION\AutomationPageObject/reports/screenshots/-15-Jan-2019-1547561039266.png 
2019-01-15 19:33:59 INFO com.qa.utility.ReportUtility ScreenShot taken on ChromeDriver: chrome on XP (b8513ab5a8437551f01aee4a4ed86b56)for step Orange HRM login page is displayed 
2019-01-15 19:34:02 INFO com.qa.steps.HooksSteps >>> User successfuly logged into Orange HRM application 
2019-01-15 19:34:04 INFO com.qa.utility.ReportUtility E:\AUTOMATION\AutomationPageObject/reports/screenshots/-15-Jan-2019-1547561042210.png 
2019-01-15 19:34:04 INFO com.qa.utility.ReportUtility ScreenShot taken on ChromeDriver: chrome on XP (b8513ab5a8437551f01aee4a4ed86b56)for step Orange HRM home page is displayed 
2019-01-15 19:34:04 INFO com.qa.steps.Hooks >>> @After Hook Step Starts 
2019-01-15 19:34:05 INFO com.qa.steps.Hooks >>> @After Hook Step ends 
2019-01-15 19:37:16 INFO com.qa.steps.Hooks >>> @Before Hook Step Starts 
2019-01-15 19:37:21 INFO com.qa.driver.DriverManager >>> Chrome Driver initialized 
2019-01-15 19:37:26 INFO com.qa.steps.Hooks >>> @Before Hook Step ends 
2019-01-15 19:37:27 INFO com.qa.steps.HooksSteps >>> Orange HRM login page is displayed 
2019-01-15 19:37:27 INFO com.qa.utility.ReportUtility E:\AUTOMATION\AutomationPageObject/reports/screenshots/-15-Jan-2019-1547561247216.png 
2019-01-15 19:37:27 INFO com.qa.utility.ReportUtility ScreenShot taken on ChromeDriver: chrome on XP (d416c4e755edb4c6f4229bbec1d1b910)for step Orange HRM login page is displayed 
2019-01-15 19:37:29 INFO com.qa.steps.HooksSteps >>> User successfuly logged into Orange HRM application 
2019-01-15 19:37:31 INFO com.qa.utility.ReportUtility E:\AUTOMATION\AutomationPageObject/reports/screenshots/-15-Jan-2019-1547561249759.png 
2019-01-15 19:37:31 INFO com.qa.utility.ReportUtility ScreenShot taken on ChromeDriver: chrome on XP (d416c4e755edb4c6f4229bbec1d1b910)for step Orange HRM home page is displayed 
2019-01-15 19:37:31 INFO com.qa.steps.Hooks >>> @After Hook Step Starts 
2019-01-15 19:37:32 INFO com.qa.steps.Hooks >>> @After Hook Step ends 
2019-01-15 19:41:10 INFO com.qa.steps.Hooks >>> @Before Hook Step Starts 
2019-01-15 19:41:15 INFO com.qa.driver.DriverManager >>> Chrome Driver initialized 
2019-01-15 19:41:20 INFO com.qa.steps.Hooks >>> @Before Hook Step ends 
2019-01-15 19:41:20 INFO com.qa.steps.HooksSteps >>> Orange HRM login page is displayed 
2019-01-15 19:41:21 INFO com.qa.utility.ReportUtility E:\AUTOMATION\AutomationPageObject/reports/screenshots/-15-Jan-2019-1547561480727.png 
2019-01-15 19:41:21 INFO com.qa.utility.ReportUtility ScreenShot taken on ChromeDriver: chrome on XP (c17829229d1e9d14f12802c58e0d8e49)for step Orange HRM login page is displayed 
2019-01-15 19:41:23 INFO com.qa.steps.HooksSteps >>> User successfuly logged into Orange HRM application 
2019-01-15 19:41:25 INFO com.qa.utility.ReportUtility E:\AUTOMATION\AutomationPageObject/reports/screenshots/-15-Jan-2019-1547561483452.png 
2019-01-15 19:41:25 INFO com.qa.utility.ReportUtility ScreenShot taken on ChromeDriver: chrome on XP (c17829229d1e9d14f12802c58e0d8e49)for step Orange HRM home page is displayed 
2019-01-15 19:41:33 INFO com.qa.steps.Hooks >>> @After Hook Step Starts 
2019-01-15 19:41:34 INFO com.qa.steps.Hooks >>> @After Hook Step ends 
2019-01-15 19:42:37 INFO com.qa.steps.Hooks >>> @Before Hook Step Starts 
2019-01-15 19:42:42 INFO com.qa.driver.DriverManager >>> Chrome Driver initialized 
2019-01-15 19:42:46 INFO com.qa.steps.Hooks >>> @Before Hook Step ends 
2019-01-15 19:42:46 INFO com.qa.steps.Hooks >>> @After Hook Step Starts 
2019-01-15 19:42:47 INFO com.qa.steps.Hooks >>> @After Hook Step ends 
2019-01-15 19:42:47 INFO com.qa.steps.Hooks >>> @Before Hook Step Starts 
2019-01-15 19:42:49 INFO com.qa.driver.DriverManager >>> Chrome Driver initialized 
2019-01-15 19:42:54 INFO com.qa.steps.Hooks >>> @Before Hook Step ends 
2019-01-15 19:42:54 INFO com.qa.steps.Hooks >>> @After Hook Step Starts 
2019-01-15 19:42:55 INFO com.qa.steps.Hooks >>> @After Hook Step ends 
2019-01-15 19:42:55 INFO com.qa.steps.Hooks >>> @Before Hook Step Starts 
2019-01-15 19:42:58 INFO com.qa.driver.DriverManager >>> Chrome Driver initialized 
2019-01-15 19:43:02 INFO com.qa.steps.Hooks >>> @Before Hook Step ends 
2019-01-15 19:43:02 INFO com.qa.steps.Hooks >>> @After Hook Step Starts 
2019-01-15 19:43:03 INFO com.qa.steps.Hooks >>> @After Hook Step ends 
2019-01-15 19:43:03 INFO com.qa.steps.Hooks >>> @Before Hook Step Starts 
2019-01-15 19:43:06 INFO com.qa.driver.DriverManager >>> Chrome Driver initialized 
2019-01-15 19:43:10 INFO com.qa.steps.Hooks >>> @Before Hook Step ends 
2019-01-15 19:43:10 INFO com.qa.steps.Hooks >>> @After Hook Step Starts 
2019-01-15 19:43:11 INFO com.qa.steps.Hooks >>> @After Hook Step ends 
2019-01-15 19:43:11 INFO com.qa.steps.Hooks >>> @Before Hook Step Starts 
2019-01-15 19:43:49 INFO com.qa.steps.Hooks >>> @Before Hook Step Starts 
2019-01-15 19:43:54 INFO com.qa.driver.DriverManager >>> Chrome Driver initialized 
2019-01-15 19:43:59 INFO com.qa.steps.Hooks >>> @Before Hook Step ends 
2019-01-15 19:43:59 INFO com.qa.steps.HooksSteps >>> Orange HRM login page is displayed 
2019-01-15 19:43:59 INFO com.qa.utility.ReportUtility E:\AUTOMATION\AutomationPageObject/reports/screenshots/-15-Jan-2019-1547561639516.png 
2019-01-15 19:43:59 INFO com.qa.utility.ReportUtility ScreenShot taken on ChromeDriver: chrome on XP (01400fa89f6e44fb03fb6c27621181fc)for step Orange HRM login page is displayed 
2019-01-15 19:44:02 INFO com.qa.steps.HooksSteps >>> User successfuly logged into Orange HRM application 
2019-01-15 19:44:04 INFO com.qa.utility.ReportUtility E:\AUTOMATION\AutomationPageObject/reports/screenshots/-15-Jan-2019-1547561642495.png 
2019-01-15 19:44:04 INFO com.qa.utility.ReportUtility ScreenShot taken on ChromeDriver: chrome on XP (01400fa89f6e44fb03fb6c27621181fc)for step Orange HRM home page is displayed 
2019-01-15 19:44:04 INFO com.qa.utility.ReportUtility E:\AUTOMATION\AutomationPageObject/reports/screenshots/-15-Jan-2019-1547561644160.png 
2019-01-15 19:44:04 INFO com.qa.utility.ReportUtility ScreenShot taken on ChromeDriver: chrome on XP (01400fa89f6e44fb03fb6c27621181fc)for step Portal title is not correct 
2019-01-15 19:44:04 INFO com.qa.steps.Hooks >>> @After Hook Step Starts 
2019-01-15 19:44:05 INFO com.qa.steps.Hooks >>> @After Hook Step ends 
2019-01-15 23:10:27 INFO com.qa.steps.Hooks >>> @Before Hook Step Starts 
2019-01-15 23:10:32 INFO com.qa.driver.DriverManager >>> Chrome Driver initialized 
2019-01-15 23:10:37 INFO com.qa.steps.Hooks >>> @Before Hook Step ends 
2019-01-15 23:10:38 INFO com.qa.steps.HooksSteps >>> Orange HRM login page is displayed 
2019-01-15 23:10:40 INFO com.qa.steps.HooksSteps >>> User successfuly logged into Orange HRM application 
2019-01-15 23:10:42 INFO com.qa.utility.ReportUtility E:\AUTOMATION\AutomationPageObject/reports/extent-reports/screenshots/-15-Jan-2019-1547574040479.png 
2019-01-15 23:10:42 INFO com.qa.utility.ReportUtility ScreenShot taken on ChromeDriver: chrome on XP (ebebd33b3e38b82ac6168d9e0acb5116)for step Portal title is not correct 
2019-01-15 23:10:42 INFO com.qa.steps.Hooks >>> @After Hook Step Starts 
2019-01-15 23:10:43 INFO com.qa.steps.Hooks >>> @After Hook Step ends 
2019-01-15 23:12:33 INFO com.qa.steps.Hooks >>> @Before Hook Step Starts 
2019-01-15 23:12:39 INFO com.qa.driver.DriverManager >>> Chrome Driver initialized 
2019-01-15 23:12:43 INFO com.qa.steps.Hooks >>> @Before Hook Step ends 
2019-01-15 23:12:44 INFO com.qa.steps.HooksSteps >>> Orange HRM login page is displayed 
2019-01-15 23:12:46 INFO com.qa.steps.HooksSteps >>> User successfuly logged into Orange HRM application 
2019-01-15 23:12:48 INFO com.qa.utility.ReportUtility E:\AUTOMATION\AutomationPageObject/reports/extent-html/screenshots/-15-Jan-2019-1547574166550.png 
2019-01-15 23:12:48 INFO com.qa.utility.ReportUtility ScreenShot taken on ChromeDriver: chrome on XP (120887bc91061e7977f8c0f36d351718)for step Portal title is not correct 
2019-01-15 23:12:48 INFO com.qa.steps.Hooks >>> @After Hook Step Starts 
2019-01-15 23:12:49 INFO com.qa.steps.Hooks >>> @After Hook Step ends 
2019-01-15 23:26:26 INFO com.qa.steps.Hooks >>> @Before Hook Step Starts 
2019-01-15 23:26:30 INFO com.qa.driver.DriverManager >>> Chrome Driver initialized 
2019-01-15 23:26:35 INFO com.qa.steps.Hooks >>> @Before Hook Step ends 
2019-01-15 23:26:35 INFO com.qa.steps.HooksSteps >>> Orange HRM login page is displayed 
2019-01-15 23:26:38 INFO com.qa.steps.HooksSteps >>> User successfuly logged into Orange HRM application 
2019-01-15 23:26:39 INFO com.qa.utility.ReportUtility E:\AUTOMATION\AutomationPageObject/reports/extent-html/screenshots/-15-Jan-2019-1547574998169.png 
2019-01-15 23:26:39 INFO com.qa.utility.ReportUtility ScreenShot taken on ChromeDriver: chrome on XP (afd36482066a79172ce30de9a041e396)for step Portal title is not correct 
2019-01-15 23:26:39 INFO com.qa.steps.Hooks >>> @After Hook Step Starts 
2019-01-15 23:26:40 INFO com.qa.steps.Hooks >>> @After Hook Step ends 
2019-01-16 22:00:49 INFO com.qa.steps.Hooks >>> @Before Hook Step Starts 
2019-01-16 22:00:54 INFO com.qa.driver.DriverManager >>> Chrome Driver initialized 
2019-01-16 22:01:00 INFO com.qa.steps.Hooks >>> @Before Hook Step ends 
2019-01-16 22:01:00 INFO com.qa.steps.Hooks >>> @After Hook Step Starts 
2019-01-16 22:02:04 INFO com.qa.steps.Hooks >>> @Before Hook Step Starts 
2019-01-16 22:02:09 INFO com.qa.driver.DriverManager >>> Chrome Driver initialized 
2019-01-16 22:02:15 INFO com.qa.steps.Hooks >>> @Before Hook Step ends 
2019-01-16 22:02:15 INFO com.qa.steps.Hooks >>> @After Hook Step Starts 
2019-01-16 22:04:10 INFO com.qa.steps.Hooks >>> @Before Hook Step Starts 
2019-01-16 22:04:15 INFO com.qa.driver.DriverManager >>> Chrome Driver initialized 
2019-01-16 22:04:20 INFO com.qa.steps.Hooks >>> @Before Hook Step ends 
2019-01-16 22:04:20 INFO com.qa.steps.HooksSteps >>> Orange HRM login page is displayed 
2019-01-16 22:04:23 INFO com.qa.steps.HooksSteps >>> User successfuly logged into Orange HRM application 
2019-01-16 22:04:32 INFO com.qa.steps.Hooks >>> @After Hook Step Starts 
2019-01-16 22:05:29 INFO com.qa.steps.Hooks >>> @Before Hook Step Starts 
2019-01-16 22:16:28 INFO com.qa.steps.Hooks >>> @Before Hook Step Starts 
2019-01-16 22:16:33 INFO com.qa.driver.DriverManager >>> Chrome Driver initialized 
2019-01-16 22:16:39 INFO com.qa.steps.Hooks >>> @Before Hook Step ends 
2019-01-16 22:16:39 INFO com.qa.steps.HooksSteps >>> Orange HRM login page is displayed 
2019-01-16 22:16:42 INFO com.qa.steps.HooksSteps >>> User successfuly logged into Orange HRM application 
2019-01-16 22:16:44 INFO com.qa.utility.ReportUtility E:\AUTOMATION\AutomationPageObject/reports/extent-html/screenshots/-16-Jan-2019-1547657202058.png 
2019-01-16 22:16:44 INFO com.qa.utility.ReportUtility ScreenShot taken on ChromeDriver: chrome on XP (e02660cd3d5a7280bf34b18979ef1c51)for step Portal title is not correct 
2019-01-16 22:16:44 INFO com.qa.steps.Hooks >>> @After Hook Step Starts 
2019-01-16 22:16:45 INFO com.qa.steps.Hooks >>> @After Hook Step ends 
2019-01-16 22:19:40 INFO com.qa.steps.Hooks >>> @Before Hook Step Starts 
2019-01-16 22:19:45 INFO com.qa.driver.DriverManager >>> Chrome Driver initialized 
2019-01-16 22:19:50 INFO com.qa.steps.Hooks >>> @Before Hook Step ends 
2019-01-16 22:19:50 INFO com.qa.steps.HooksSteps >>> Orange HRM login page is displayed 
2019-01-16 22:19:52 INFO com.qa.steps.HooksSteps >>> User successfuly logged into Orange HRM application 
2019-01-16 22:20:01 INFO com.qa.steps.Hooks >>> @After Hook Step Starts 
2019-01-16 22:20:02 INFO com.qa.steps.Hooks >>> @After Hook Step ends 
2019-01-26 08:10:36 INFO com.qa.steps.Hooks >>> @Before Hook Step Starts 
2019-01-26 08:10:46 INFO com.qa.driver.DriverManager >>> Chrome Driver initialized 
2019-01-26 08:10:51 INFO com.qa.steps.Hooks >>> @Before Hook Step ends 
2019-01-26 08:10:52 INFO com.qa.steps.HooksSteps >>> Orange HRM login page is displayed 
2019-01-26 08:10:57 INFO com.qa.steps.HooksSteps >>> User successfuly logged into Orange HRM application 
2019-01-26 08:10:57 INFO com.qa.utility.ReportUtility E:\AUTOMATION\AutomationPageObject/reports/extent-html/screenshots/-26-Jan-2019-1548470457245.png 
2019-01-26 08:10:57 INFO com.qa.utility.ReportUtility ScreenShot taken on ChromeDriver: chrome on XP (16ab5116c234d6b002e25ea9b5227177)for step Portal title is not correct 
2019-01-26 08:10:57 INFO com.qa.steps.Hooks >>> @After Hook Step Starts 
2019-01-26 08:10:58 INFO com.qa.steps.Hooks >>> @After Hook Step ends 
2019-01-27 01:19:46 INFO com.qa.steps.Hooks >>> @Before Hook Step Starts 
2019-01-27 01:19:53 INFO com.qa.driver.DriverManager >>> Chrome Driver initialized 
2019-01-27 01:19:59 INFO com.qa.steps.Hooks >>> @Before Hook Step ends 
2019-01-27 01:19:59 INFO com.qa.steps.Hooks >>> @After Hook Step Starts 
2019-01-27 01:20:00 INFO com.qa.steps.Hooks >>> @After Hook Step ends 
2019-01-29 06:33:10 INFO com.qa.steps.Hooks >>> @Before Hook Step Starts 
2019-01-29 06:33:24 INFO com.qa.driver.DriverManager >>> Chrome Driver initialized 
2019-01-29 06:33:30 INFO com.qa.steps.Hooks >>> @Before Hook Step ends 
2019-01-29 06:33:30 INFO com.qa.steps.Hooks >>> @After Hook Step Starts 
2019-01-29 06:33:31 INFO com.qa.steps.Hooks >>> @After Hook Step ends 
2019-01-29 06:40:19 INFO com.qa.steps.Hooks >>> @Before Hook Step Starts 
2019-01-29 06:40:27 INFO com.qa.driver.DriverManager >>> Chrome Driver initialized 
2019-01-29 06:40:33 INFO com.qa.steps.Hooks >>> @Before Hook Step ends 
2019-01-29 06:40:33 INFO com.qa.steps.Hooks >>> @After Hook Step Starts 
2019-01-29 06:40:35 INFO com.qa.steps.Hooks >>> @After Hook Step ends 
2019-01-29 06:58:08 INFO com.qa.steps.Hooks >>> @Before Hook Step Starts 
2019-01-29 06:58:15 INFO com.qa.driver.DriverManager >>> Chrome Driver initialized 
2019-01-29 06:58:21 INFO com.qa.steps.Hooks >>> @Before Hook Step ends 
2019-01-29 06:58:21 INFO com.qa.steps.Hooks >>> @After Hook Step Starts 
2019-01-29 06:58:22 INFO com.qa.steps.Hooks >>> @After Hook Step ends 
2019-01-29 06:58:22 INFO com.qa.steps.Hooks >>> @Before Hook Step Starts 
2019-01-29 06:58:25 INFO com.qa.driver.DriverManager >>> Chrome Driver initialized 
2019-01-29 06:58:31 INFO com.qa.steps.Hooks >>> @Before Hook Step ends 
2019-01-29 06:58:31 INFO com.qa.steps.Hooks >>> @After Hook Step Starts 
2019-01-29 06:58:32 INFO com.qa.steps.Hooks >>> @After Hook Step ends 
2019-01-29 06:58:32 INFO com.qa.steps.Hooks >>> @Before Hook Step Starts 
2019-01-29 06:58:35 INFO com.qa.driver.DriverManager >>> Chrome Driver initialized 
2019-01-29 06:58:38 INFO com.qa.steps.Hooks >>> @After Hook Step Starts 
2019-01-29 06:58:39 INFO com.qa.steps.Hooks >>> @After Hook Step ends 
2019-01-29 06:58:39 INFO com.qa.steps.Hooks >>> @Before Hook Step Starts 
2019-01-29 06:58:55 INFO com.qa.steps.Hooks >>> @Before Hook Step Starts 
2019-01-29 06:59:03 INFO com.qa.driver.DriverManager >>> Chrome Driver initialized 
2019-01-29 06:59:08 INFO com.qa.steps.Hooks >>> @Before Hook Step ends 
2019-01-29 06:59:08 INFO com.qa.steps.Hooks >>> @After Hook Step Starts 
2019-01-29 06:59:09 INFO com.qa.steps.Hooks >>> @After Hook Step ends 
2019-01-29 06:59:09 INFO com.qa.steps.Hooks >>> @Before Hook Step Starts 
2019-01-29 06:59:12 INFO com.qa.driver.DriverManager >>> Chrome Driver initialized 
2019-01-29 06:59:18 INFO com.qa.steps.Hooks >>> @Before Hook Step ends 
2019-01-29 06:59:18 INFO com.qa.steps.Hooks >>> @After Hook Step Starts 
2019-01-29 06:59:19 INFO com.qa.steps.Hooks >>> @After Hook Step ends 
2019-01-29 06:59:19 INFO com.qa.steps.Hooks >>> @Before Hook Step Starts 
2019-01-29 06:59:22 INFO com.qa.driver.DriverManager >>> Chrome Driver initialized 
2019-01-29 06:59:28 INFO com.qa.steps.Hooks >>> @Before Hook Step ends 
2019-01-29 06:59:28 INFO com.qa.steps.Hooks >>> @After Hook Step Starts 
2019-01-29 06:59:29 INFO com.qa.steps.Hooks >>> @After Hook Step ends 
2019-01-29 06:59:29 INFO com.qa.steps.Hooks >>> @Before Hook Step Starts 
2019-01-29 06:59:33 INFO com.qa.driver.DriverManager >>> Chrome Driver initialized 
2019-01-29 06:59:39 INFO com.qa.steps.Hooks >>> @Before Hook Step ends 
2019-01-29 06:59:39 INFO com.qa.steps.Hooks >>> @After Hook Step Starts 
2019-01-29 06:59:40 INFO com.qa.steps.Hooks >>> @After Hook Step ends 
2019-01-29 06:59:40 INFO com.qa.steps.Hooks >>> @Before Hook Step Starts 
2019-01-29 06:59:44 INFO com.qa.driver.DriverManager >>> Chrome Driver initialized 
2019-01-29 06:59:50 INFO com.qa.steps.Hooks >>> @Before Hook Step ends 
2019-01-29 06:59:50 INFO com.qa.steps.Hooks >>> @After Hook Step Starts 
2019-01-29 06:59:51 INFO com.qa.steps.Hooks >>> @After Hook Step ends 
2019-01-29 22:05:13 INFO com.qa.steps.Hooks >>> @Before Hook Step Starts 
2019-01-29 22:05:30 INFO com.qa.driver.DriverManager >>> Chrome Driver initialized 
2019-01-29 22:05:37 INFO com.qa.steps.Hooks >>> @Before Hook Step ends 
2019-01-29 22:05:39 INFO com.qa.steps.Hooks >>> @After Hook Step Starts 
2019-01-29 22:05:40 INFO com.qa.steps.Hooks >>> @After Hook Step ends 
2019-01-29 22:05:40 INFO com.qa.steps.Hooks >>> @Before Hook Step Starts 
2019-01-29 22:05:45 INFO com.qa.driver.DriverManager >>> Chrome Driver initialized 
2019-01-29 22:05:52 INFO com.qa.steps.Hooks >>> @Before Hook Step ends 
2019-01-29 22:05:53 INFO com.qa.steps.Hooks >>> @After Hook Step Starts 
2019-01-29 22:05:54 INFO com.qa.steps.Hooks >>> @After Hook Step ends 
2019-01-29 22:05:54 INFO com.qa.steps.Hooks >>> @Before Hook Step Starts 
2019-01-29 22:05:59 INFO com.qa.driver.DriverManager >>> Chrome Driver initialized 
2019-01-29 22:06:07 INFO com.qa.steps.Hooks >>> @Before Hook Step ends 
2019-01-29 22:06:07 INFO com.qa.steps.Hooks >>> @After Hook Step Starts 
2019-01-29 22:06:08 INFO com.qa.steps.Hooks >>> @After Hook Step ends 
2019-01-29 22:06:08 INFO com.qa.steps.Hooks >>> @Before Hook Step Starts 
2019-01-29 22:06:45 INFO com.qa.steps.Hooks >>> @Before Hook Step Starts 
2019-01-29 22:06:52 INFO com.qa.driver.DriverManager >>> Chrome Driver initialized 
2019-01-29 22:07:00 INFO com.qa.steps.Hooks >>> @Before Hook Step ends 
2019-01-29 22:07:00 INFO com.qa.steps.Hooks >>> @After Hook Step Starts 
2019-01-29 22:07:01 INFO com.qa.steps.Hooks >>> @After Hook Step ends 
2019-01-29 22:07:01 INFO com.qa.steps.Hooks >>> @Before Hook Step Starts 
2019-01-29 22:07:06 INFO com.qa.driver.DriverManager >>> Chrome Driver initialized 
2019-01-29 22:07:12 INFO com.qa.steps.Hooks >>> @Before Hook Step ends 
2019-01-29 22:07:12 INFO com.qa.steps.Hooks >>> @After Hook Step Starts 
2019-01-29 22:07:13 INFO com.qa.steps.Hooks >>> @After Hook Step ends 
2019-01-29 22:07:13 INFO com.qa.steps.Hooks >>> @Before Hook Step Starts 
2019-01-29 22:07:18 INFO com.qa.driver.DriverManager >>> Chrome Driver initialized 
2019-01-29 22:07:26 INFO com.qa.steps.Hooks >>> @Before Hook Step ends 
2019-01-29 22:07:26 INFO com.qa.steps.Hooks >>> @After Hook Step Starts 
2019-01-29 22:07:26 INFO com.qa.steps.Hooks >>> @After Hook Step ends 
2019-01-29 22:07:26 INFO com.qa.steps.Hooks >>> @Before Hook Step Starts 
2019-01-29 22:07:31 INFO com.qa.driver.DriverManager >>> Chrome Driver initialized 
2019-01-29 22:07:37 INFO com.qa.steps.Hooks >>> @Before Hook Step ends 
2019-01-29 22:07:37 INFO com.qa.steps.Hooks >>> @After Hook Step Starts 
2019-01-29 22:07:37 INFO com.qa.steps.Hooks >>> @After Hook Step ends 
2019-01-29 22:07:37 INFO com.qa.steps.Hooks >>> @Before Hook Step Starts 
2019-01-29 22:07:42 INFO com.qa.driver.DriverManager >>> Chrome Driver initialized 
2019-01-29 22:07:47 INFO com.qa.steps.Hooks >>> @Before Hook Step ends 
2019-01-29 22:07:47 INFO com.qa.steps.Hooks >>> @After Hook Step Starts 
2019-01-29 22:07:48 INFO com.qa.steps.Hooks >>> @After Hook Step ends 
2019-01-29 22:07:48 INFO com.qa.steps.Hooks >>> @Before Hook Step Starts 
2019-01-29 22:07:53 INFO com.qa.driver.DriverManager >>> Chrome Driver initialized 
2019-01-29 22:08:01 INFO com.qa.steps.Hooks >>> @Before Hook Step ends 
2019-01-29 22:08:01 INFO com.qa.steps.Hooks >>> @After Hook Step Starts 
2019-01-29 22:08:02 INFO com.qa.steps.Hooks >>> @After Hook Step ends 
2019-01-29 22:08:48 INFO com.qa.steps.Hooks >>> @Before Hook Step Starts 
2019-01-29 22:08:55 INFO com.qa.driver.DriverManager >>> Chrome Driver initialized 
2019-01-29 22:09:02 INFO com.qa.steps.Hooks >>> @Before Hook Step ends 
2019-01-29 22:09:02 INFO com.qa.steps.Hooks >>> @After Hook Step Starts 
2019-01-29 22:09:03 INFO com.qa.steps.Hooks >>> @After Hook Step ends 
2019-01-29 22:09:03 INFO com.qa.steps.Hooks >>> @Before Hook Step Starts 
2019-01-29 22:09:08 INFO com.qa.driver.DriverManager >>> Chrome Driver initialized 
2019-01-29 22:09:14 INFO com.qa.steps.Hooks >>> @Before Hook Step ends 
2019-01-29 22:09:14 INFO com.qa.steps.Hooks >>> @After Hook Step Starts 
2019-01-29 22:09:15 INFO com.qa.steps.Hooks >>> @After Hook Step ends 
2019-01-29 22:09:15 INFO com.qa.steps.Hooks >>> @Before Hook Step Starts 
2019-01-29 22:09:20 INFO com.qa.driver.DriverManager >>> Chrome Driver initialized 
2019-01-29 22:09:27 INFO com.qa.steps.Hooks >>> @Before Hook Step ends 
2019-01-29 22:09:27 INFO com.qa.steps.Hooks >>> @After Hook Step Starts 
2019-01-29 22:09:27 INFO com.qa.steps.Hooks >>> @After Hook Step ends 
2019-01-29 22:09:27 INFO com.qa.steps.Hooks >>> @Before Hook Step Starts 
2019-01-29 22:09:32 INFO com.qa.driver.DriverManager >>> Chrome Driver initialized 
2019-01-29 22:09:39 INFO com.qa.steps.Hooks >>> @Before Hook Step ends 
2019-01-29 22:09:39 INFO com.qa.steps.Hooks >>> @After Hook Step Starts 
2019-01-29 22:09:40 INFO com.qa.steps.Hooks >>> @After Hook Step ends 
2019-01-29 22:09:40 INFO com.qa.steps.Hooks >>> @Before Hook Step Starts 
2019-01-29 22:09:44 INFO com.qa.driver.DriverManager >>> Chrome Driver initialized 
2019-01-29 22:09:52 INFO com.qa.steps.Hooks >>> @Before Hook Step ends 
2019-01-29 22:09:52 INFO com.qa.steps.Hooks >>> @After Hook Step Starts 
2019-01-29 22:09:53 INFO com.qa.steps.Hooks >>> @After Hook Step ends 
2019-01-29 22:09:53 INFO com.qa.steps.Hooks >>> @Before Hook Step Starts 
2019-01-29 22:09:57 INFO com.qa.driver.DriverManager >>> Chrome Driver initialized 
2019-01-29 22:10:03 INFO com.qa.steps.Hooks >>> @Before Hook Step ends 
2019-01-29 22:10:03 INFO com.qa.steps.Hooks >>> @After Hook Step Starts 
2019-01-29 22:10:04 INFO com.qa.steps.Hooks >>> @After Hook Step ends 
2019-01-29 22:14:53 INFO com.qa.steps.Hooks >>> @Before Hook Step Starts 
2019-01-29 22:14:59 INFO com.qa.driver.DriverManager >>> Chrome Driver initialized 
2019-01-29 22:15:05 INFO com.qa.steps.Hooks >>> @Before Hook Step ends 
2019-01-29 22:15:05 INFO com.qa.steps.Hooks >>> @After Hook Step Starts 
2019-01-29 22:15:06 INFO com.qa.steps.Hooks >>> @After Hook Step ends 
2019-01-29 22:15:06 INFO com.qa.steps.Hooks >>> @Before Hook Step Starts 
2019-01-29 22:15:09 INFO com.qa.driver.DriverManager >>> Chrome Driver initialized 
2019-01-29 22:15:15 INFO com.qa.steps.Hooks >>> @Before Hook Step ends 
2019-01-29 22:15:15 INFO com.qa.steps.Hooks >>> @After Hook Step Starts 
2019-01-29 22:15:15 INFO com.qa.steps.Hooks >>> @After Hook Step ends 
2019-01-29 22:15:15 INFO com.qa.steps.Hooks >>> @Before Hook Step Starts 
2019-01-29 22:15:18 INFO com.qa.driver.DriverManager >>> Chrome Driver initialized 
2019-01-29 22:15:23 INFO com.qa.steps.Hooks >>> @Before Hook Step ends 
2019-01-29 22:15:23 INFO com.qa.steps.Hooks >>> @After Hook Step Starts 
2019-01-29 22:15:24 INFO com.qa.steps.Hooks >>> @After Hook Step ends 
2019-01-29 22:15:24 INFO com.qa.steps.Hooks >>> @Before Hook Step Starts 
2019-01-29 22:15:27 INFO com.qa.driver.DriverManager >>> Chrome Driver initialized 
2019-01-29 22:22:55 INFO com.qa.steps.Hooks >>> @Before Hook Step Starts 
2019-01-29 22:23:00 INFO com.qa.driver.DriverManager >>> Chrome Driver initialized 
2019-01-29 22:23:06 INFO com.qa.steps.Hooks >>> @Before Hook Step ends 
2019-01-29 22:23:07 INFO com.qa.steps.Hooks >>> @After Hook Step Starts 
2019-01-29 22:23:08 INFO com.qa.steps.Hooks >>> @After Hook Step ends 
2019-01-29 22:23:08 INFO com.qa.steps.Hooks >>> @Before Hook Step Starts 
2019-01-29 22:23:10 INFO com.qa.driver.DriverManager >>> Chrome Driver initialized 
2019-01-29 22:23:16 INFO com.qa.steps.Hooks >>> @Before Hook Step ends 
2019-01-29 22:23:16 INFO com.qa.steps.Hooks >>> @After Hook Step Starts 
2019-01-29 22:23:17 INFO com.qa.steps.Hooks >>> @After Hook Step ends 
2019-01-29 22:23:17 INFO com.qa.steps.Hooks >>> @Before Hook Step Starts 
2019-01-29 22:23:19 INFO com.qa.driver.DriverManager >>> Chrome Driver initialized 
2019-01-29 22:23:25 INFO com.qa.steps.Hooks >>> @Before Hook Step ends 
2019-01-29 22:23:25 INFO com.qa.steps.Hooks >>> @After Hook Step Starts 
2019-01-29 22:23:26 INFO com.qa.steps.Hooks >>> @After Hook Step ends 
2019-01-29 22:23:26 INFO com.qa.steps.Hooks >>> @Before Hook Step Starts 
2019-01-29 22:23:29 INFO com.qa.driver.DriverManager >>> Chrome Driver initialized 
2019-01-29 22:23:34 INFO com.qa.steps.Hooks >>> @Before Hook Step ends 
2019-01-29 22:23:34 INFO com.qa.steps.Hooks >>> @After Hook Step Starts 
2019-01-29 22:23:35 INFO com.qa.steps.Hooks >>> @After Hook Step ends 
2019-01-29 22:23:35 INFO com.qa.steps.Hooks >>> @Before Hook Step Starts 
2019-01-29 22:23:38 INFO com.qa.driver.DriverManager >>> Chrome Driver initialized 
2019-01-29 22:23:44 INFO com.qa.steps.Hooks >>> @Before Hook Step ends 
2019-01-29 22:23:44 INFO com.qa.steps.Hooks >>> @After Hook Step Starts 
2019-01-29 22:23:45 INFO com.qa.steps.Hooks >>> @After Hook Step ends 
2019-01-29 22:23:45 INFO com.qa.steps.Hooks >>> @Before Hook Step Starts 
2019-01-29 22:23:47 INFO com.qa.driver.DriverManager >>> Chrome Driver initialized 
2019-01-29 22:23:53 INFO com.qa.steps.Hooks >>> @Before Hook Step ends 
2019-01-29 22:23:53 INFO com.qa.steps.Hooks >>> @After Hook Step Starts 
2019-01-29 22:23:54 INFO com.qa.steps.Hooks >>> @After Hook Step ends 
2019-01-29 22:26:50 INFO com.qa.steps.Hooks >>> @Before Hook Step Starts 
2019-01-29 22:26:55 INFO com.qa.driver.DriverManager >>> Chrome Driver initialized 
2019-01-29 22:27:01 INFO com.qa.steps.Hooks >>> @Before Hook Step ends 
2019-01-29 22:27:01 INFO com.qa.steps.Hooks >>> @After Hook Step Starts 
2019-01-29 22:27:02 INFO com.qa.steps.Hooks >>> @After Hook Step ends 
2019-01-29 22:27:02 INFO com.qa.steps.Hooks >>> @Before Hook Step Starts 
2019-01-29 22:27:05 INFO com.qa.driver.DriverManager >>> Chrome Driver initialized 
2019-01-29 22:27:10 INFO com.qa.steps.Hooks >>> @Before Hook Step ends 
2019-01-29 22:27:10 INFO com.qa.steps.Hooks >>> @After Hook Step Starts 
2019-01-29 22:27:11 INFO com.qa.steps.Hooks >>> @After Hook Step ends 
2019-01-29 22:27:11 INFO com.qa.steps.Hooks >>> @Before Hook Step Starts 
2019-01-29 22:27:14 INFO com.qa.driver.DriverManager >>> Chrome Driver initialized 
2019-01-29 22:27:20 INFO com.qa.steps.Hooks >>> @Before Hook Step ends 
2019-01-29 22:27:20 INFO com.qa.steps.Hooks >>> @After Hook Step Starts 
2019-01-29 22:27:21 INFO com.qa.steps.Hooks >>> @After Hook Step ends 
2019-01-29 22:27:21 INFO com.qa.steps.Hooks >>> @Before Hook Step Starts 
2019-01-29 22:27:24 INFO com.qa.driver.DriverManager >>> Chrome Driver initialized 
2019-01-29 22:27:30 INFO com.qa.steps.Hooks >>> @Before Hook Step ends 
2019-01-29 22:27:30 INFO com.qa.steps.Hooks >>> @After Hook Step Starts 
2019-01-29 22:27:30 INFO com.qa.steps.Hooks >>> @After Hook Step ends 
2019-01-29 22:27:30 INFO com.qa.steps.Hooks >>> @Before Hook Step Starts 
2019-01-29 22:27:33 INFO com.qa.driver.DriverManager >>> Chrome Driver initialized 
2019-01-29 22:27:39 INFO com.qa.steps.Hooks >>> @Before Hook Step ends 
2019-01-29 22:27:39 INFO com.qa.steps.Hooks >>> @After Hook Step Starts 
2019-01-29 22:27:40 INFO com.qa.steps.Hooks >>> @After Hook Step ends 
2019-01-29 22:27:40 INFO com.qa.steps.Hooks >>> @Before Hook Step Starts 
2019-01-29 22:27:42 INFO com.qa.driver.DriverManager >>> Chrome Driver initialized 
2019-01-29 22:27:48 INFO com.qa.steps.Hooks >>> @Before Hook Step ends 
2019-01-29 22:27:48 INFO com.qa.steps.Hooks >>> @After Hook Step Starts 
2019-01-29 22:27:49 INFO com.qa.steps.Hooks >>> @After Hook Step ends 
2019-01-29 22:47:31 INFO com.qa.steps.Hooks >>> @Before Hook Step Starts 
2019-01-29 22:47:37 INFO com.qa.driver.DriverManager >>> Chrome Driver initialized 
2019-01-29 22:47:42 INFO com.qa.steps.Hooks >>> @Before Hook Step ends 
2019-01-29 22:47:42 INFO com.qa.steps.Hooks >>> @After Hook Step Starts 
2019-01-29 22:47:43 INFO com.qa.steps.Hooks >>> @After Hook Step ends 
2019-01-29 22:51:22 INFO com.qa.steps.Hooks >>> @Before Hook Step Starts 
2019-01-29 22:51:27 INFO com.qa.driver.DriverManager >>> Chrome Driver initialized 
2019-01-29 22:51:33 INFO com.qa.steps.Hooks >>> @Before Hook Step ends 
2019-01-29 22:51:33 INFO com.qa.steps.Hooks >>> @After Hook Step Starts 
2019-01-29 22:51:34 INFO com.qa.steps.Hooks >>> @After Hook Step ends 
2019-01-29 22:51:34 INFO com.qa.steps.Hooks >>> @Before Hook Step Starts 
2019-01-29 22:51:36 INFO com.qa.driver.DriverManager >>> Chrome Driver initialized 
2019-01-29 22:51:37 INFO com.qa.steps.Hooks >>> @After Hook Step Starts 
2019-01-29 22:51:38 INFO com.qa.steps.Hooks >>> @After Hook Step ends 
2019-01-29 22:51:38 INFO com.qa.steps.Hooks >>> @Before Hook Step Starts 
2019-01-29 22:51:41 INFO com.qa.driver.DriverManager >>> Chrome Driver initialized 
2019-01-29 22:51:51 INFO com.qa.steps.Hooks >>> @After Hook Step Starts 
2019-01-29 22:51:52 INFO com.qa.steps.Hooks >>> @After Hook Step ends 
2019-01-29 22:51:52 INFO com.qa.steps.Hooks >>> @Before Hook Step Starts 
2019-01-29 22:51:55 INFO com.qa.driver.DriverManager >>> Chrome Driver initialized 
2019-01-29 22:51:55 INFO com.qa.steps.Hooks >>> @After Hook Step Starts 
2019-01-29 22:51:56 INFO com.qa.steps.Hooks >>> @After Hook Step ends 
2019-01-29 22:53:21 INFO com.qa.steps.Hooks >>> @Before Hook Step Starts 
2019-01-29 22:53:26 INFO com.qa.driver.DriverManager >>> Chrome Driver initialized 
2019-01-29 22:53:32 INFO com.qa.steps.Hooks >>> @Before Hook Step ends 
2019-01-29 22:53:32 INFO com.qa.steps.Hooks >>> @After Hook Step Starts 
2019-01-29 22:53:33 INFO com.qa.steps.Hooks >>> @After Hook Step ends 
2019-01-29 22:55:29 INFO com.qa.steps.Hooks >>> @Before Hook Step Starts 
2019-01-29 22:55:35 INFO com.qa.driver.DriverManager >>> Chrome Driver initialized 
2019-01-29 22:55:40 INFO com.qa.steps.Hooks >>> @Before Hook Step ends 
2019-01-29 22:55:40 INFO com.qa.steps.Hooks >>> @After Hook Step Starts 
2019-01-29 22:55:41 INFO com.qa.steps.Hooks >>> @After Hook Step ends 
2019-02-02 19:56:53 INFO com.qa.steps.Hooks >>> @Before Hook Step Starts 
2019-02-02 19:57:05 INFO com.qa.driver.DriverManager >>> Chrome Driver initialized 
2019-02-02 19:57:11 INFO com.qa.steps.Hooks >>> @Before Hook Step ends 
2019-02-02 19:57:11 INFO com.qa.steps.Hooks >>> @After Hook Step Starts 
2019-02-02 19:57:12 INFO com.qa.steps.Hooks >>> @After Hook Step ends 
2019-02-02 20:01:10 INFO com.qa.steps.Hooks >>> @Before Hook Step Starts 
2019-02-02 20:01:17 INFO com.qa.driver.DriverManager >>> Chrome Driver initialized 
2019-02-02 20:01:23 INFO com.qa.steps.Hooks >>> @Before Hook Step ends 
2019-02-02 20:01:23 INFO com.qa.steps.Hooks >>> @After Hook Step Starts 
2019-02-02 20:01:24 INFO com.qa.steps.Hooks >>> @After Hook Step ends 
2019-02-02 20:02:12 INFO com.qa.steps.Hooks >>> @Before Hook Step Starts 
2019-02-02 20:02:18 INFO com.qa.driver.DriverManager >>> Chrome Driver initialized 
2019-02-02 20:02:24 INFO com.qa.steps.Hooks >>> @Before Hook Step ends 
2019-02-02 20:02:24 INFO com.qa.steps.Hooks >>> @After Hook Step Starts 
2019-02-02 20:02:25 INFO com.qa.steps.Hooks >>> @After Hook Step ends 
2019-02-03 20:33:44 INFO com.qa.steps.Hooks >>> @Before Hook Step Starts 
2019-02-03 20:33:57 INFO com.qa.driver.DriverManager >>> Chrome Driver initialized 
2019-02-03 20:34:04 INFO com.qa.steps.Hooks >>> @Before Hook Step ends 
2019-02-03 20:34:04 INFO com.qa.steps.Hooks >>> @After Hook Step Starts 
2019-02-03 20:34:06 INFO com.qa.steps.Hooks >>> @After Hook Step ends 
2019-02-03 20:34:06 INFO com.qa.steps.Hooks >>> @Before Hook Step Starts 
2019-02-03 20:34:10 INFO com.qa.driver.DriverManager >>> Chrome Driver initialized 
2019-02-03 20:34:16 INFO com.qa.steps.Hooks >>> @Before Hook Step ends 
2019-02-03 20:34:16 INFO com.qa.steps.Hooks >>> @After Hook Step Starts 
2019-02-03 20:34:17 INFO com.qa.steps.Hooks >>> @After Hook Step ends 
2019-02-03 20:34:17 INFO com.qa.steps.Hooks >>> @Before Hook Step Starts 
2019-02-03 20:34:21 INFO com.qa.driver.DriverManager >>> Chrome Driver initialized 
2019-02-03 20:34:28 INFO com.qa.steps.Hooks >>> @Before Hook Step ends 
2019-02-03 20:34:28 INFO com.qa.steps.Hooks >>> @After Hook Step Starts 
2019-02-03 20:34:29 INFO com.qa.steps.Hooks >>> @After Hook Step ends 
2019-02-03 20:34:29 INFO com.qa.steps.Hooks >>> @Before Hook Step Starts 
2019-02-03 20:34:33 INFO com.qa.driver.DriverManager >>> Chrome Driver initialized 
2019-02-03 20:34:40 INFO com.qa.steps.Hooks >>> @Before Hook Step ends 
2019-02-03 20:34:40 INFO com.qa.steps.Hooks >>> @After Hook Step Starts 
2019-02-03 20:34:41 INFO com.qa.steps.Hooks >>> @After Hook Step ends 
2019-02-03 20:34:41 INFO com.qa.steps.Hooks >>> @Before Hook Step Starts 
2019-02-03 20:34:45 INFO com.qa.driver.DriverManager >>> Chrome Driver initialized 
2019-02-03 20:34:51 INFO com.qa.steps.Hooks >>> @Before Hook Step ends 
2019-02-03 20:34:51 INFO com.qa.steps.Hooks >>> @After Hook Step Starts 
2019-02-03 20:34:52 INFO com.qa.steps.Hooks >>> @After Hook Step ends 
2019-02-06 07:29:39 INFO com.qa.steps.Hooks >>> @Before Hook Step Starts 
2019-02-06 07:29:57 INFO com.qa.steps.Hooks >>> @Before Hook Step Starts 
2019-02-06 07:30:07 INFO com.qa.driver.DriverManager >>> Chrome Driver initialized 
2019-02-06 07:30:14 INFO com.qa.steps.Hooks >>> @Before Hook Step ends 
2019-02-06 07:30:14 INFO com.qa.steps.Hooks >>> @After Hook Step Starts 
2019-02-06 07:30:15 INFO com.qa.steps.Hooks >>> @After Hook Step ends 
2019-02-06 07:30:15 INFO com.qa.steps.Hooks >>> @Before Hook Step Starts 
2019-02-06 07:30:18 INFO com.qa.driver.DriverManager >>> Chrome Driver initialized 
2019-02-06 07:30:24 INFO com.qa.steps.Hooks >>> @Before Hook Step ends 
2019-02-06 07:30:24 INFO com.qa.steps.Hooks >>> @After Hook Step Starts 
2019-02-06 07:30:25 INFO com.qa.steps.Hooks >>> @After Hook Step ends 
2019-02-06 07:39:39 INFO com.qa.steps.Hooks >>> @Before Hook Step Starts 
2019-02-06 07:39:46 INFO com.qa.driver.DriverManager >>> Chrome Driver initialized 
2019-02-06 07:39:47 INFO com.qa.steps.Hooks >>> @After Hook Step Starts 
2019-02-06 07:39:48 INFO com.qa.steps.Hooks >>> @After Hook Step ends 
2019-02-06 07:39:48 INFO com.qa.steps.Hooks >>> @Before Hook Step Starts 
2019-02-06 07:39:51 INFO com.qa.driver.DriverManager >>> Chrome Driver initialized 
2019-02-06 07:39:52 INFO com.qa.steps.Hooks >>> @After Hook Step Starts 
2019-02-06 07:39:53 INFO com.qa.steps.Hooks >>> @After Hook Step ends 
2019-02-06 07:43:01 INFO com.qa.steps.Hooks >>> @Before Hook Step Starts 
2019-02-06 07:43:08 INFO com.qa.driver.DriverManager >>> Chrome Driver initialized 
2019-02-06 07:43:09 INFO com.qa.steps.Hooks >>> @After Hook Step Starts 
2019-02-06 07:43:10 INFO com.qa.steps.Hooks >>> @After Hook Step ends 
2019-02-06 07:43:10 INFO com.qa.steps.Hooks >>> @Before Hook Step Starts 
2019-02-06 07:43:13 INFO com.qa.driver.DriverManager >>> Chrome Driver initialized 
2019-02-06 07:43:14 INFO com.qa.steps.Hooks >>> @After Hook Step Starts 
2019-02-06 07:43:14 INFO com.qa.steps.Hooks >>> @After Hook Step ends 
2019-02-06 07:48:41 INFO com.qa.steps.Hooks >>> @Before Hook Step Starts 
2019-02-06 07:48:48 INFO com.qa.driver.DriverManager >>> Chrome Driver initialized 
2019-02-06 07:48:48 INFO com.qa.steps.Hooks >>> @After Hook Step Starts 
2019-02-06 07:48:50 INFO com.qa.steps.Hooks >>> @After Hook Step ends 
2019-02-06 07:48:50 INFO com.qa.steps.Hooks >>> @Before Hook Step Starts 
2019-02-06 07:48:53 INFO com.qa.driver.DriverManager >>> Chrome Driver initialized 
2019-02-06 07:48:53 INFO com.qa.steps.Hooks >>> @After Hook Step Starts 
2019-02-06 07:48:54 INFO com.qa.steps.Hooks >>> @After Hook Step ends 
2019-02-09 14:03:28 INFO com.qa.steps.Hooks >>> @Before Hook Step Starts 
2019-02-09 14:03:35 INFO com.qa.driver.DriverManager >>> Chrome Driver initialized 
2019-02-09 14:03:39 INFO com.qa.steps.Hooks >>> @Before Hook Step ends 
2019-02-09 14:03:40 INFO com.qa.steps.HooksSteps >>> Orange HRM login page is displayed 
2019-02-09 14:03:43 INFO com.qa.steps.HooksSteps >>> User successfuly logged into Orange HRM application 
2019-02-09 14:03:45 INFO com.qa.utility.ReportUtility E:\AUTOMATION\AutomationPageObject/reports/extent-html/screenshots/-09-Feb-2019-1549701223038.png 
2019-02-09 14:03:45 INFO com.qa.utility.ReportUtility ScreenShot taken on ChromeDriver: chrome on XP (74635269a5ec1c6e6236c8a8bc7e47d9)for step Portal title is not correct 
2019-02-09 14:03:45 INFO com.qa.steps.Hooks >>> @After Hook Step Starts 
2019-02-09 14:03:46 INFO com.qa.steps.Hooks >>> @After Hook Step ends 
